<!DOCTYPE html PUBLIC "-//W3C//DTD XHTML 1.1//EN" "https://www.w3.org/TR/xhtml11/DTD/xhtml11.dtd">
<html xmlns="https://www.w3.org/1999/xhtml">
<head>
<meta http-equiv="content-type" content="text/html; charset=UTF-8"/>
<title>TestNG Report</title>
<style type="text/css">table {margin-bottom:10px;border-collapse:collapse;empty-cells:show}th,td {border:1px solid #009;padding:.25em .5em}th {vertical-align:bottom}td {vertical-align:top}table a {font-weight:bold}.stripe td {background-color: #E6EBF9}.num {text-align:right}.passedodd td {background-color: #3F3}.passedeven td {background-color: #0A0}.skippedodd td {background-color: #DDD}.skippedeven td {background-color: #CCC}.failedodd td,.attn {background-color: #F33}.failedeven td,.stripe .attn {background-color: #D00}.stacktrace {white-space:pre;font-family:monospace}.totop {font-size:85%;text-align:center;border-bottom:2px solid #000}.invisible {display:none}</style>
</head>
<body>
<table>
<tr><th>Test</th><th># Passed</th><th># Skipped</th><th># Retried</th><th># Failed</th><th>Time (ms)</th><th>Included Groups</th><th>Excluded Groups</th></tr>
<tr><th colspan="8">Suite</th></tr>
<tr><td><a href="#t0">Test</a></td><td class="num">10</td><td class="num">0</td><td class="num">0</td><td class="num attn">2</td><td class="num">83,206</td><td></td><td></td></tr>
</table>
<table id='summary'><thead><tr><th>Class</th><th>Method</th><th>Start</th><th>Time (ms)</th></tr></thead><tbody><tr><th colspan="4">Suite</th></tr></tbody><tbody id="t0"><tr><th colspan="4">Test &#8212; failed</th></tr><tr class="failedeven"><td rowspan="2">com.Ecommerce.TestCases.HomePageTestCase</td><td><a href="#m0">verifyAddidasShoePresent</a></td><td rowspan="1">1717134747691</td><td rowspan="1">1954</td></tr><tr class="failedeven"><td><a href="#m1">verifyZaraCoatPresent</a></td><td rowspan="1">1717134760109</td><td rowspan="1">458</td></tr><tr><th colspan="4">Test &#8212; passed</th></tr><tr class="passedeven"><td rowspan="1">com.Ecommerce.TestCases.CardPageTest</td><td><a href="#m2">cardPageTest</a></td><td rowspan="1">1717134727684</td><td rowspan="1">3977</td></tr><tr class="passedodd"><td rowspan="1">com.Ecommerce.TestCases.ConfirmationPageTest</td><td><a href="#m3">orderPageTest</a></td><td rowspan="1">1717134717830</td><td rowspan="1">4374</td></tr><tr class="passedeven"><td rowspan="2">com.Ecommerce.TestCases.HomePageTestCase</td><td><a href="#m4">addZaraCoatInCart</a></td><td rowspan="1">1717134737703</td><td rowspan="1">3170</td></tr><tr class="passedeven"><td><a href="#m5">verifyIphonePresent</a></td><td rowspan="1">1717134754420</td><td rowspan="1">932</td></tr><tr class="passedodd"><td rowspan="5">com.Ecommerce.TestCases.LoginPageTestCases</td><td><a href="#m6">verifyLoginTest</a></td><td rowspan="5">1717134763820</td><td rowspan="5">2460</td></tr><tr class="passedodd"><td><a href="#m7">verifyLoginTest</a></td></tr><tr class="passedodd"><td><a href="#m8">verifyLoginTest</a></td></tr><tr class="passedodd"><td><a href="#m9">verifyLoginTest</a></td></tr><tr class="passedodd"><td><a href="#m10">verifyLoginTest</a></td></tr><tr class="passedeven"><td rowspan="1">com.Ecommerce.TestCases.PaymentPageTest</td><td><a href="#m11">paymentPageTest</a></td><td rowspan="1">1717134708757</td><td rowspan="1">4565</td></tr></tbody>
</table>
<h2>Test</h2><h3 id="m0">com.Ecommerce.TestCases.HomePageTestCase#verifyAddidasShoePresent</h3><table class="result"><tr><th>Exception</th></tr><tr><td><div class="stacktrace">java.lang.AssertionError: expected [false] but found [true]
	at com.Ecommerce.TestCases.HomePageTestCase.verifyAddidasShoePresent(HomePageTestCase.java:62)
	at java.base/java.util.ArrayList.forEach(ArrayList.java:1511)
... Removed 31 stack frames</div></td></tr></table><p class="totop"><a href="#summary">back to summary</a></p>
<h3 id="m1">com.Ecommerce.TestCases.HomePageTestCase#verifyZaraCoatPresent</h3><table class="result"><tr><th>Exception</th></tr><tr><td><div class="stacktrace">org.openqa.selenium.JavascriptException: javascript error: {&quot;status&quot;:32,&quot;value&quot;:&quot;An invalid or illegal selector was specified&quot;}
  (Session info: chrome=125.0.6422.113)
Build info: version: &apos;4.21.0&apos;, revision: &apos;79ed462ef4&apos;
System info: os.name: &apos;Windows 11&apos;, os.arch: &apos;amd64&apos;, os.version: &apos;10.0&apos;, java.version: &apos;17.0.8&apos;
Driver info: org.openqa.selenium.chrome.ChromeDriver
Command: [c76696cc3dcd2e11b37f85a6c319443f, findElement {value=(//div[@class=&apos;card&apos;])[1]/img, using=css selector}]
Capabilities {acceptInsecureCerts: false, browserName: chrome, browserVersion: 125.0.6422.113, chrome: {chromedriverVersion: 125.0.6422.141 (4b1e8393712..., userDataDir: C:\Users\JKGUPT~1\AppData\L...}, fedcm:accounts: true, goog:chromeOptions: {debuggerAddress: localhost:53620}, networkConnectionEnabled: false, pageLoadStrategy: normal, platformName: windows, proxy: Proxy(), se:cdp: ws://localhost:53620/devtoo..., se:cdpVersion: 125.0.6422.113, setWindowRect: true, strictFileInteractability: false, timeouts: {implicit: 0, pageLoad: 300000, script: 30000}, unhandledPromptBehavior: dismiss and notify, webauthn:extension:credBlob: true, webauthn:extension:largeBlob: true, webauthn:extension:minPinLength: true, webauthn:extension:prf: true, webauthn:virtualAuthenticators: true}
Session ID: c76696cc3dcd2e11b37f85a6c319443f
	at org.openqa.selenium.remote.ErrorCodec.decode(ErrorCodec.java:167)
	at org.openqa.selenium.remote.codec.w3c.W3CHttpResponseCodec.decode(W3CHttpResponseCodec.java:138)
	at org.openqa.selenium.remote.codec.w3c.W3CHttpResponseCodec.decode(W3CHttpResponseCodec.java:50)
	at org.openqa.selenium.remote.HttpCommandExecutor.execute(HttpCommandExecutor.java:190)
	at org.openqa.selenium.remote.service.DriverCommandExecutor.invokeExecute(DriverCommandExecutor.java:216)
	at org.openqa.selenium.remote.service.DriverCommandExecutor.execute(DriverCommandExecutor.java:174)
	at org.openqa.selenium.remote.RemoteWebDriver.execute(RemoteWebDriver.java:518)
	at org.openqa.selenium.remote.ElementLocation$ElementFinder$2.findElement(ElementLocation.java:165)
	at org.openqa.selenium.remote.ElementLocation.findElement(ElementLocation.java:59)
	at org.openqa.selenium.remote.RemoteWebDriver.findElement(RemoteWebDriver.java:355)
	at org.openqa.selenium.remote.RemoteWebDriver.findElement(RemoteWebDriver.java:349)
	at org.openqa.selenium.support.pagefactory.DefaultElementLocator.findElement(DefaultElementLocator.java:68)
	at org.openqa.selenium.support.pagefactory.internal.LocatingElementHandler.invoke(LocatingElementHandler.java:38)
	at jdk.proxy2/jdk.proxy2.$Proxy13.isDisplayed(Unknown Source)
	at com.Ecommerce.actionDriver.ActionClass.isDisplayed(ActionClass.java:46)
	at com.Ecommerce.PageObject.HomePage.validateZaraCoatpresent(HomePage.java:69)
	at com.Ecommerce.TestCases.HomePageTestCase.verifyZaraCoatPresent(HomePageTestCase.java:36)
	at java.base/java.util.ArrayList.forEach(ArrayList.java:1511)
... Removed 32 stack frames</div></td></tr></table><p class="totop"><a href="#summary">back to summary</a></p>
<h3 id="m2">com.Ecommerce.TestCases.CardPageTest#cardPageTest</h3><table class="result"><tr><th class="invisible"/></tr></table><p class="totop"><a href="#summary">back to summary</a></p>
<h3 id="m3">com.Ecommerce.TestCases.ConfirmationPageTest#orderPageTest</h3><table class="result"><tr><th class="invisible"/></tr></table><p class="totop"><a href="#summary">back to summary</a></p>
<h3 id="m4">com.Ecommerce.TestCases.HomePageTestCase#addZaraCoatInCart</h3><table class="result"><tr><th class="invisible"/></tr></table><p class="totop"><a href="#summary">back to summary</a></p>
<h3 id="m5">com.Ecommerce.TestCases.HomePageTestCase#verifyIphonePresent</h3><table class="result"><tr><th class="invisible"/></tr></table><p class="totop"><a href="#summary">back to summary</a></p>
<h3 id="m6">com.Ecommerce.TestCases.LoginPageTestCases#verifyLoginTest</h3><table class="result"><tr class="param"><th>Parameter #1</th><th>Parameter #2</th></tr><tr class="param stripe"><td>jaykrishnagupta@gmail.com</td><td>Jaykrishna@1</td></tr></table><p class="totop"><a href="#summary">back to summary</a></p>
<h3 id="m7">com.Ecommerce.TestCases.LoginPageTestCases#verifyLoginTest</h3><table class="result"><tr class="param"><th>Parameter #1</th><th>Parameter #2</th></tr><tr class="param stripe"><td>jaykrishnagupta2@gmail.com</td><td>Jaykrishna@1</td></tr></table><p class="totop"><a href="#summary">back to summary</a></p>
<h3 id="m8">com.Ecommerce.TestCases.LoginPageTestCases#verifyLoginTest</h3><table class="result"><tr class="param"><th>Parameter #1</th><th>Parameter #2</th></tr><tr class="param stripe"><td>jaykrishnagupta1@gmail.com</td><td>Jaykrishna@1</td></tr></table><p class="totop"><a href="#summary">back to summary</a></p>
<h3 id="m9">com.Ecommerce.TestCases.LoginPageTestCases#verifyLoginTest</h3><table class="result"><tr class="param"><th>Parameter #1</th><th>Parameter #2</th></tr><tr class="param stripe"><td>jaykrishnagupta3@gmail.com</td><td>Jaykrishna@1</td></tr></table><p class="totop"><a href="#summary">back to summary</a></p>
<h3 id="m10">com.Ecommerce.TestCases.LoginPageTestCases#verifyLoginTest</h3><table class="result"><tr class="param"><th>Parameter #1</th><th>Parameter #2</th></tr><tr class="param stripe"><td>jaykrishnagupta4@gmail.com</td><td>Jaykrishna@1</td></tr></table><p class="totop"><a href="#summary">back to summary</a></p>
<h3 id="m11">com.Ecommerce.TestCases.PaymentPageTest#paymentPageTest</h3><table class="result"><tr><th class="invisible"/></tr></table><p class="totop"><a href="#summary">back to summary</a></p>
</body>
</html>
