<?xml version="1.0" encoding="UTF-8"?>
<testng-results ignored="0" total="12" passed="10" failed="2" skipped="0">
  <reporter-output>
  </reporter-output>
  <suite started-at="2024-05-31T11:21:45 IST" name="Suite" finished-at="2024-05-31T11:23:08 IST" duration-ms="83206">
    <groups>
    </groups>
    <test started-at="2024-05-31T11:21:45 IST" name="Test" finished-at="2024-05-31T11:23:08 IST" duration-ms="83206">
      <class name="com.Ecommerce.TestCases.HomePageTestCase">
        <test-method is-config="true" signature="launchbrowser()[pri:0, instance:com.Ecommerce.TestCases.HomePageTestCase@7161d8d1]" started-at="2024-05-31T11:22:11 IST" name="launchbrowser" finished-at="2024-05-31T11:22:17 IST" duration-ms="5853" status="PASS">
          <reporter-output>
          </reporter-output>
        </test-method> <!-- launchbrowser -->
        <test-method signature="addZaraCoatInCart()[pri:0, instance:com.Ecommerce.TestCases.HomePageTestCase@7161d8d1]" started-at="2024-05-31T11:22:17 IST" name="addZaraCoatInCart" finished-at="2024-05-31T11:22:20 IST" duration-ms="3170" status="PASS">
          <reporter-output>
          </reporter-output>
        </test-method> <!-- addZaraCoatInCart -->
        <test-method is-config="true" signature="closebrowser()[pri:0, instance:com.Ecommerce.TestCases.HomePageTestCase@7161d8d1]" started-at="2024-05-31T11:22:20 IST" name="closebrowser" finished-at="2024-05-31T11:22:22 IST" duration-ms="1674" status="PASS">
          <reporter-output>
          </reporter-output>
        </test-method> <!-- closebrowser -->
        <test-method is-config="true" signature="launchbrowser()[pri:0, instance:com.Ecommerce.TestCases.HomePageTestCase@7161d8d1]" started-at="2024-05-31T11:22:22 IST" name="launchbrowser" finished-at="2024-05-31T11:22:27 IST" duration-ms="5142" status="PASS">
          <reporter-output>
          </reporter-output>
        </test-method> <!-- launchbrowser -->
        <test-method signature="verifyAddidasShoePresent()[pri:0, instance:com.Ecommerce.TestCases.HomePageTestCase@7161d8d1]" started-at="2024-05-31T11:22:27 IST" name="verifyAddidasShoePresent" finished-at="2024-05-31T11:22:29 IST" duration-ms="1954" status="FAIL">
          <exception class="java.lang.AssertionError">
            <message>
              <![CDATA[expected [false] but found [true]]]>
            </message>
            <full-stacktrace>
              <![CDATA[java.lang.AssertionError: expected [false] but found [true]
at org.testng.Assert.fail(Assert.java:111)
at org.testng.Assert.failNotEquals(Assert.java:1578)
at org.testng.Assert.assertFalse(Assert.java:79)
at org.testng.Assert.assertFalse(Assert.java:89)
at com.Ecommerce.TestCases.HomePageTestCase.verifyAddidasShoePresent(HomePageTestCase.java:62)
at java.base/jdk.internal.reflect.NativeMethodAccessorImpl.invoke0(Native Method)
at java.base/jdk.internal.reflect.NativeMethodAccessorImpl.invoke(NativeMethodAccessorImpl.java:77)
at java.base/jdk.internal.reflect.DelegatingMethodAccessorImpl.invoke(DelegatingMethodAccessorImpl.java:43)
at java.base/java.lang.reflect.Method.invoke(Method.java:568)
at org.testng.internal.invokers.MethodInvocationHelper.invokeMethod(MethodInvocationHelper.java:139)
at org.testng.internal.invokers.TestInvoker.invokeMethod(TestInvoker.java:664)
at org.testng.internal.invokers.TestInvoker.invokeTestMethod(TestInvoker.java:227)
at org.testng.internal.invokers.MethodRunner.runInSequence(MethodRunner.java:50)
at org.testng.internal.invokers.TestInvoker$MethodInvocationAgent.invoke(TestInvoker.java:957)
at org.testng.internal.invokers.TestInvoker.invokeTestMethods(TestInvoker.java:200)
at org.testng.internal.invokers.TestMethodWorker.invokeTestMethods(TestMethodWorker.java:148)
at org.testng.internal.invokers.TestMethodWorker.run(TestMethodWorker.java:128)
at java.base/java.util.ArrayList.forEach(ArrayList.java:1511)
at org.testng.TestRunner.privateRun(TestRunner.java:848)
at org.testng.TestRunner.run(TestRunner.java:621)
at org.testng.SuiteRunner.runTest(SuiteRunner.java:443)
at org.testng.SuiteRunner.runSequentially(SuiteRunner.java:437)
at org.testng.SuiteRunner.privateRun(SuiteRunner.java:397)
at org.testng.SuiteRunner.run(SuiteRunner.java:336)
at org.testng.SuiteRunnerWorker.runSuite(SuiteRunnerWorker.java:52)
at org.testng.SuiteRunnerWorker.run(SuiteRunnerWorker.java:95)
at org.testng.TestNG.runSuitesSequentially(TestNG.java:1280)
at org.testng.TestNG.runSuitesLocally(TestNG.java:1200)
at org.testng.TestNG.runSuites(TestNG.java:1114)
at org.testng.TestNG.run(TestNG.java:1082)
at org.testng.remote.AbstractRemoteTestNG.run(AbstractRemoteTestNG.java:115)
at org.testng.remote.RemoteTestNG.initAndRun(RemoteTestNG.java:251)
at org.testng.remote.RemoteTestNG.main(RemoteTestNG.java:77)
]]>
            </full-stacktrace>
          </exception> <!-- java.lang.AssertionError -->
          <reporter-output>
          </reporter-output>
        </test-method> <!-- verifyAddidasShoePresent -->
        <test-method is-config="true" signature="closebrowser()[pri:0, instance:com.Ecommerce.TestCases.HomePageTestCase@7161d8d1]" started-at="2024-05-31T11:22:29 IST" name="closebrowser" finished-at="2024-05-31T11:22:29 IST" duration-ms="207" status="PASS">
          <reporter-output>
          </reporter-output>
        </test-method> <!-- closebrowser -->
        <test-method is-config="true" signature="launchbrowser()[pri:0, instance:com.Ecommerce.TestCases.HomePageTestCase@7161d8d1]" started-at="2024-05-31T11:22:29 IST" name="launchbrowser" finished-at="2024-05-31T11:22:34 IST" duration-ms="4567" status="PASS">
          <reporter-output>
          </reporter-output>
        </test-method> <!-- launchbrowser -->
        <test-method signature="verifyIphonePresent()[pri:0, instance:com.Ecommerce.TestCases.HomePageTestCase@7161d8d1]" started-at="2024-05-31T11:22:34 IST" name="verifyIphonePresent" finished-at="2024-05-31T11:22:35 IST" duration-ms="932" status="PASS">
          <reporter-output>
          </reporter-output>
        </test-method> <!-- verifyIphonePresent -->
        <test-method is-config="true" signature="closebrowser()[pri:0, instance:com.Ecommerce.TestCases.HomePageTestCase@7161d8d1]" started-at="2024-05-31T11:22:35 IST" name="closebrowser" finished-at="2024-05-31T11:22:35 IST" duration-ms="181" status="PASS">
          <reporter-output>
          </reporter-output>
        </test-method> <!-- closebrowser -->
        <test-method is-config="true" signature="launchbrowser()[pri:0, instance:com.Ecommerce.TestCases.HomePageTestCase@7161d8d1]" started-at="2024-05-31T11:22:35 IST" name="launchbrowser" finished-at="2024-05-31T11:22:40 IST" duration-ms="4573" status="PASS">
          <reporter-output>
          </reporter-output>
        </test-method> <!-- launchbrowser -->
        <test-method signature="verifyZaraCoatPresent()[pri:0, instance:com.Ecommerce.TestCases.HomePageTestCase@7161d8d1]" started-at="2024-05-31T11:22:40 IST" name="verifyZaraCoatPresent" finished-at="2024-05-31T11:22:40 IST" duration-ms="458" status="FAIL">
          <exception class="org.openqa.selenium.JavascriptException">
            <message>
              <![CDATA[javascript error: {"status":32,"value":"An invalid or illegal selector was specified"}
  (Session info: chrome=125.0.6422.113)
Build info: version: '4.21.0', revision: '79ed462ef4'
System info: os.name: 'Windows 11', os.arch: 'amd64', os.version: '10.0', java.version: '17.0.8'
Driver info: org.openqa.selenium.chrome.ChromeDriver
Command: [c76696cc3dcd2e11b37f85a6c319443f, findElement {value=(//div[@class='card'])[1]/img, using=css selector}]
Capabilities {acceptInsecureCerts: false, browserName: chrome, browserVersion: 125.0.6422.113, chrome: {chromedriverVersion: 125.0.6422.141 (4b1e8393712..., userDataDir: C:\Users\JKGUPT~1\AppData\L...}, fedcm:accounts: true, goog:chromeOptions: {debuggerAddress: localhost:53620}, networkConnectionEnabled: false, pageLoadStrategy: normal, platformName: windows, proxy: Proxy(), se:cdp: ws://localhost:53620/devtoo..., se:cdpVersion: 125.0.6422.113, setWindowRect: true, strictFileInteractability: false, timeouts: {implicit: 0, pageLoad: 300000, script: 30000}, unhandledPromptBehavior: dismiss and notify, webauthn:extension:credBlob: true, webauthn:extension:largeBlob: true, webauthn:extension:minPinLength: true, webauthn:extension:prf: true, webauthn:virtualAuthenticators: true}
Session ID: c76696cc3dcd2e11b37f85a6c319443f]]>
            </message>
            <full-stacktrace>
              <![CDATA[org.openqa.selenium.JavascriptException: javascript error: {"status":32,"value":"An invalid or illegal selector was specified"}
  (Session info: chrome=125.0.6422.113)
Build info: version: '4.21.0', revision: '79ed462ef4'
System info: os.name: 'Windows 11', os.arch: 'amd64', os.version: '10.0', java.version: '17.0.8'
Driver info: org.openqa.selenium.chrome.ChromeDriver
Command: [c76696cc3dcd2e11b37f85a6c319443f, findElement {value=(//div[@class='card'])[1]/img, using=css selector}]
Capabilities {acceptInsecureCerts: false, browserName: chrome, browserVersion: 125.0.6422.113, chrome: {chromedriverVersion: 125.0.6422.141 (4b1e8393712..., userDataDir: C:\Users\JKGUPT~1\AppData\L...}, fedcm:accounts: true, goog:chromeOptions: {debuggerAddress: localhost:53620}, networkConnectionEnabled: false, pageLoadStrategy: normal, platformName: windows, proxy: Proxy(), se:cdp: ws://localhost:53620/devtoo..., se:cdpVersion: 125.0.6422.113, setWindowRect: true, strictFileInteractability: false, timeouts: {implicit: 0, pageLoad: 300000, script: 30000}, unhandledPromptBehavior: dismiss and notify, webauthn:extension:credBlob: true, webauthn:extension:largeBlob: true, webauthn:extension:minPinLength: true, webauthn:extension:prf: true, webauthn:virtualAuthenticators: true}
Session ID: c76696cc3dcd2e11b37f85a6c319443f
at java.base/jdk.internal.reflect.NativeConstructorAccessorImpl.newInstance0(Native Method)
at java.base/jdk.internal.reflect.NativeConstructorAccessorImpl.newInstance(NativeConstructorAccessorImpl.java:77)
at java.base/jdk.internal.reflect.DelegatingConstructorAccessorImpl.newInstance(DelegatingConstructorAccessorImpl.java:45)
at java.base/java.lang.reflect.Constructor.newInstanceWithCaller(Constructor.java:499)
at java.base/java.lang.reflect.Constructor.newInstance(Constructor.java:480)
at org.openqa.selenium.remote.ErrorCodec.decode(ErrorCodec.java:167)
at org.openqa.selenium.remote.codec.w3c.W3CHttpResponseCodec.decode(W3CHttpResponseCodec.java:138)
at org.openqa.selenium.remote.codec.w3c.W3CHttpResponseCodec.decode(W3CHttpResponseCodec.java:50)
at org.openqa.selenium.remote.HttpCommandExecutor.execute(HttpCommandExecutor.java:190)
at org.openqa.selenium.remote.service.DriverCommandExecutor.invokeExecute(DriverCommandExecutor.java:216)
at org.openqa.selenium.remote.service.DriverCommandExecutor.execute(DriverCommandExecutor.java:174)
at org.openqa.selenium.remote.RemoteWebDriver.execute(RemoteWebDriver.java:518)
at org.openqa.selenium.remote.ElementLocation$ElementFinder$2.findElement(ElementLocation.java:165)
at org.openqa.selenium.remote.ElementLocation.findElement(ElementLocation.java:59)
at org.openqa.selenium.remote.RemoteWebDriver.findElement(RemoteWebDriver.java:355)
at org.openqa.selenium.remote.RemoteWebDriver.findElement(RemoteWebDriver.java:349)
at org.openqa.selenium.support.pagefactory.DefaultElementLocator.findElement(DefaultElementLocator.java:68)
at org.openqa.selenium.support.pagefactory.internal.LocatingElementHandler.invoke(LocatingElementHandler.java:38)
at jdk.proxy2/jdk.proxy2.$Proxy13.isDisplayed(Unknown Source)
at com.Ecommerce.actionDriver.ActionClass.isDisplayed(ActionClass.java:46)
at com.Ecommerce.PageObject.HomePage.validateZaraCoatpresent(HomePage.java:69)
at com.Ecommerce.TestCases.HomePageTestCase.verifyZaraCoatPresent(HomePageTestCase.java:36)
at java.base/jdk.internal.reflect.NativeMethodAccessorImpl.invoke0(Native Method)
at java.base/jdk.internal.reflect.NativeMethodAccessorImpl.invoke(NativeMethodAccessorImpl.java:77)
at java.base/jdk.internal.reflect.DelegatingMethodAccessorImpl.invoke(DelegatingMethodAccessorImpl.java:43)
at java.base/java.lang.reflect.Method.invoke(Method.java:568)
at org.testng.internal.invokers.MethodInvocationHelper.invokeMethod(MethodInvocationHelper.java:139)
at org.testng.internal.invokers.TestInvoker.invokeMethod(TestInvoker.java:664)
at org.testng.internal.invokers.TestInvoker.invokeTestMethod(TestInvoker.java:227)
at org.testng.internal.invokers.MethodRunner.runInSequence(MethodRunner.java:50)
at org.testng.internal.invokers.TestInvoker$MethodInvocationAgent.invoke(TestInvoker.java:957)
at org.testng.internal.invokers.TestInvoker.invokeTestMethods(TestInvoker.java:200)
at org.testng.internal.invokers.TestMethodWorker.invokeTestMethods(TestMethodWorker.java:148)
at org.testng.internal.invokers.TestMethodWorker.run(TestMethodWorker.java:128)
at java.base/java.util.ArrayList.forEach(ArrayList.java:1511)
at org.testng.TestRunner.privateRun(TestRunner.java:848)
at org.testng.TestRunner.run(TestRunner.java:621)
at org.testng.SuiteRunner.runTest(SuiteRunner.java:443)
at org.testng.SuiteRunner.runSequentially(SuiteRunner.java:437)
at org.testng.SuiteRunner.privateRun(SuiteRunner.java:397)
at org.testng.SuiteRunner.run(SuiteRunner.java:336)
at org.testng.SuiteRunnerWorker.runSuite(SuiteRunnerWorker.java:52)
at org.testng.SuiteRunnerWorker.run(SuiteRunnerWorker.java:95)
at org.testng.TestNG.runSuitesSequentially(TestNG.java:1280)
at org.testng.TestNG.runSuitesLocally(TestNG.java:1200)
at org.testng.TestNG.runSuites(TestNG.java:1114)
at org.testng.TestNG.run(TestNG.java:1082)
at org.testng.remote.AbstractRemoteTestNG.run(AbstractRemoteTestNG.java:115)
at org.testng.remote.RemoteTestNG.initAndRun(RemoteTestNG.java:251)
at org.testng.remote.RemoteTestNG.main(RemoteTestNG.java:77)
]]>
            </full-stacktrace>
          </exception> <!-- org.openqa.selenium.JavascriptException -->
          <reporter-output>
          </reporter-output>
        </test-method> <!-- verifyZaraCoatPresent -->
        <test-method is-config="true" signature="closebrowser()[pri:0, instance:com.Ecommerce.TestCases.HomePageTestCase@7161d8d1]" started-at="2024-05-31T11:22:40 IST" name="closebrowser" finished-at="2024-05-31T11:22:40 IST" duration-ms="162" status="PASS">
          <reporter-output>
          </reporter-output>
        </test-method> <!-- closebrowser -->
      </class> <!-- com.Ecommerce.TestCases.HomePageTestCase -->
      <class name="com.Ecommerce.TestCases.ConfirmationPageTest">
        <test-method is-config="true" signature="launchBrowser()[pri:0, instance:com.Ecommerce.TestCases.ConfirmationPageTest@75d3a5e0]" started-at="2024-05-31T11:21:53 IST" name="launchBrowser" finished-at="2024-05-31T11:21:57 IST" duration-ms="4290" status="PASS">
          <reporter-output>
          </reporter-output>
        </test-method> <!-- launchBrowser -->
        <test-method signature="orderPageTest()[pri:0, instance:com.Ecommerce.TestCases.ConfirmationPageTest@75d3a5e0]" started-at="2024-05-31T11:21:57 IST" name="orderPageTest" finished-at="2024-05-31T11:22:02 IST" duration-ms="4374" status="PASS">
          <reporter-output>
          </reporter-output>
        </test-method> <!-- orderPageTest -->
        <test-method is-config="true" signature="closeBrowser()[pri:0, instance:com.Ecommerce.TestCases.ConfirmationPageTest@75d3a5e0]" started-at="2024-05-31T11:22:02 IST" name="closeBrowser" finished-at="2024-05-31T11:22:02 IST" duration-ms="239" status="PASS">
          <reporter-output>
          </reporter-output>
        </test-method> <!-- closeBrowser -->
      </class> <!-- com.Ecommerce.TestCases.ConfirmationPageTest -->
      <class name="com.Ecommerce.TestCases.PaymentPageTest">
        <test-method is-config="true" signature="loadconfig()[pri:0, instance:com.Ecommerce.TestCases.PaymentPageTest@117159c0]" started-at="2024-05-31T11:21:45 IST" name="loadconfig" finished-at="2024-05-31T11:21:45 IST" duration-ms="13" status="PASS">
          <reporter-output>
          </reporter-output>
        </test-method> <!-- loadconfig -->
        <test-method is-config="true" signature="launchBrowser()[pri:0, instance:com.Ecommerce.TestCases.PaymentPageTest@117159c0]" started-at="2024-05-31T11:21:45 IST" name="launchBrowser" finished-at="2024-05-31T11:21:48 IST" duration-ms="2960" status="PASS">
          <reporter-output>
          </reporter-output>
        </test-method> <!-- launchBrowser -->
        <test-method signature="paymentPageTest()[pri:0, instance:com.Ecommerce.TestCases.PaymentPageTest@117159c0]" started-at="2024-05-31T11:21:48 IST" name="paymentPageTest" finished-at="2024-05-31T11:21:53 IST" duration-ms="4565" status="PASS">
          <reporter-output>
          </reporter-output>
        </test-method> <!-- paymentPageTest -->
        <test-method is-config="true" signature="closeBrowser()[pri:0, instance:com.Ecommerce.TestCases.PaymentPageTest@117159c0]" started-at="2024-05-31T11:21:53 IST" name="closeBrowser" finished-at="2024-05-31T11:21:53 IST" duration-ms="214" status="PASS">
          <reporter-output>
          </reporter-output>
        </test-method> <!-- closeBrowser -->
      </class> <!-- com.Ecommerce.TestCases.PaymentPageTest -->
      <class name="com.Ecommerce.TestCases.CardPageTest">
        <test-method is-config="true" signature="launchBrowser()[pri:0, instance:com.Ecommerce.TestCases.CardPageTest@74d1dc36]" started-at="2024-05-31T11:22:02 IST" name="launchBrowser" finished-at="2024-05-31T11:22:07 IST" duration-ms="5238" status="PASS">
          <reporter-output>
          </reporter-output>
        </test-method> <!-- launchBrowser -->
        <test-method signature="cardPageTest()[pri:0, instance:com.Ecommerce.TestCases.CardPageTest@74d1dc36]" started-at="2024-05-31T11:22:07 IST" name="cardPageTest" finished-at="2024-05-31T11:22:11 IST" duration-ms="3977" status="PASS">
          <reporter-output>
          </reporter-output>
        </test-method> <!-- cardPageTest -->
        <test-method is-config="true" signature="closeBrowser()[pri:0, instance:com.Ecommerce.TestCases.CardPageTest@74d1dc36]" started-at="2024-05-31T11:22:11 IST" name="closeBrowser" finished-at="2024-05-31T11:22:11 IST" duration-ms="186" status="PASS">
          <reporter-output>
          </reporter-output>
        </test-method> <!-- closeBrowser -->
      </class> <!-- com.Ecommerce.TestCases.CardPageTest -->
      <class name="com.Ecommerce.TestCases.LoginPageTestCases">
        <test-method is-config="true" signature="launchbrowser()[pri:0, instance:com.Ecommerce.TestCases.LoginPageTestCases@74e28667]" started-at="2024-05-31T11:22:41 IST" name="launchbrowser" finished-at="2024-05-31T11:22:43 IST" duration-ms="1827" status="PASS">
          <reporter-output>
          </reporter-output>
        </test-method> <!-- launchbrowser -->
        <test-method signature="verifyLoginTest(java.lang.String,java.lang.String)[pri:0, instance:com.Ecommerce.TestCases.LoginPageTestCases@74e28667]" started-at="2024-05-31T11:22:43 IST" name="verifyLoginTest" data-provider="credentials" finished-at="2024-05-31T11:22:46 IST" duration-ms="2460" status="PASS">
          <params>
            <param index="0">
              <value>
                <![CDATA[jaykrishnagupta@gmail.com]]>
              </value>
            </param>
            <param index="1">
              <value>
                <![CDATA[Jaykrishna@1]]>
              </value>
            </param>
          </params>
          <reporter-output>
          </reporter-output>
        </test-method> <!-- verifyLoginTest -->
        <test-method is-config="true" signature="closebrowser()[pri:0, instance:com.Ecommerce.TestCases.LoginPageTestCases@74e28667]" started-at="2024-05-31T11:22:46 IST" name="closebrowser" finished-at="2024-05-31T11:22:46 IST" duration-ms="199" status="PASS">
          <reporter-output>
          </reporter-output>
        </test-method> <!-- closebrowser -->
        <test-method is-config="true" signature="launchbrowser()[pri:0, instance:com.Ecommerce.TestCases.LoginPageTestCases@74e28667]" started-at="2024-05-31T11:22:46 IST" name="launchbrowser" finished-at="2024-05-31T11:22:47 IST" duration-ms="1511" status="PASS">
          <reporter-output>
          </reporter-output>
        </test-method> <!-- launchbrowser -->
        <test-method signature="verifyLoginTest(java.lang.String,java.lang.String)[pri:0, instance:com.Ecommerce.TestCases.LoginPageTestCases@74e28667]" started-at="2024-05-31T11:22:47 IST" name="verifyLoginTest" data-provider="credentials" finished-at="2024-05-31T11:22:50 IST" duration-ms="2465" status="PASS">
          <params>
            <param index="0">
              <value>
                <![CDATA[jaykrishnagupta1@gmail.com]]>
              </value>
            </param>
            <param index="1">
              <value>
                <![CDATA[Jaykrishna@1]]>
              </value>
            </param>
          </params>
          <reporter-output>
          </reporter-output>
        </test-method> <!-- verifyLoginTest -->
        <test-method is-config="true" signature="closebrowser()[pri:0, instance:com.Ecommerce.TestCases.LoginPageTestCases@74e28667]" started-at="2024-05-31T11:22:50 IST" name="closebrowser" finished-at="2024-05-31T11:22:50 IST" duration-ms="162" status="PASS">
          <reporter-output>
          </reporter-output>
        </test-method> <!-- closebrowser -->
        <test-method is-config="true" signature="launchbrowser()[pri:0, instance:com.Ecommerce.TestCases.LoginPageTestCases@74e28667]" started-at="2024-05-31T11:22:50 IST" name="launchbrowser" finished-at="2024-05-31T11:22:52 IST" duration-ms="1517" status="PASS">
          <reporter-output>
          </reporter-output>
        </test-method> <!-- launchbrowser -->
        <test-method signature="verifyLoginTest(java.lang.String,java.lang.String)[pri:0, instance:com.Ecommerce.TestCases.LoginPageTestCases@74e28667]" started-at="2024-05-31T11:22:52 IST" name="verifyLoginTest" data-provider="credentials" finished-at="2024-05-31T11:22:54 IST" duration-ms="2438" status="PASS">
          <params>
            <param index="0">
              <value>
                <![CDATA[jaykrishnagupta2@gmail.com]]>
              </value>
            </param>
            <param index="1">
              <value>
                <![CDATA[Jaykrishna@1]]>
              </value>
            </param>
          </params>
          <reporter-output>
          </reporter-output>
        </test-method> <!-- verifyLoginTest -->
        <test-method is-config="true" signature="closebrowser()[pri:0, instance:com.Ecommerce.TestCases.LoginPageTestCases@74e28667]" started-at="2024-05-31T11:22:54 IST" name="closebrowser" finished-at="2024-05-31T11:22:54 IST" duration-ms="150" status="PASS">
          <reporter-output>
          </reporter-output>
        </test-method> <!-- closebrowser -->
        <test-method is-config="true" signature="launchbrowser()[pri:0, instance:com.Ecommerce.TestCases.LoginPageTestCases@74e28667]" started-at="2024-05-31T11:22:54 IST" name="launchbrowser" finished-at="2024-05-31T11:22:56 IST" duration-ms="1444" status="PASS">
          <reporter-output>
          </reporter-output>
        </test-method> <!-- launchbrowser -->
        <test-method signature="verifyLoginTest(java.lang.String,java.lang.String)[pri:0, instance:com.Ecommerce.TestCases.LoginPageTestCases@74e28667]" started-at="2024-05-31T11:22:56 IST" name="verifyLoginTest" data-provider="credentials" finished-at="2024-05-31T11:22:58 IST" duration-ms="2477" status="PASS">
          <params>
            <param index="0">
              <value>
                <![CDATA[jaykrishnagupta3@gmail.com]]>
              </value>
            </param>
            <param index="1">
              <value>
                <![CDATA[Jaykrishna@1]]>
              </value>
            </param>
          </params>
          <reporter-output>
          </reporter-output>
        </test-method> <!-- verifyLoginTest -->
        <test-method is-config="true" signature="closebrowser()[pri:0, instance:com.Ecommerce.TestCases.LoginPageTestCases@74e28667]" started-at="2024-05-31T11:22:58 IST" name="closebrowser" finished-at="2024-05-31T11:22:58 IST" duration-ms="175" status="PASS">
          <reporter-output>
          </reporter-output>
        </test-method> <!-- closebrowser -->
        <test-method is-config="true" signature="launchbrowser()[pri:0, instance:com.Ecommerce.TestCases.LoginPageTestCases@74e28667]" started-at="2024-05-31T11:22:58 IST" name="launchbrowser" finished-at="2024-05-31T11:23:06 IST" duration-ms="7498" status="PASS">
          <reporter-output>
          </reporter-output>
        </test-method> <!-- launchbrowser -->
        <test-method signature="verifyLoginTest(java.lang.String,java.lang.String)[pri:0, instance:com.Ecommerce.TestCases.LoginPageTestCases@74e28667]" started-at="2024-05-31T11:23:06 IST" name="verifyLoginTest" data-provider="credentials" finished-at="2024-05-31T11:23:08 IST" duration-ms="2443" status="PASS">
          <params>
            <param index="0">
              <value>
                <![CDATA[jaykrishnagupta4@gmail.com]]>
              </value>
            </param>
            <param index="1">
              <value>
                <![CDATA[Jaykrishna@1]]>
              </value>
            </param>
          </params>
          <reporter-output>
          </reporter-output>
        </test-method> <!-- verifyLoginTest -->
        <test-method is-config="true" signature="closebrowser()[pri:0, instance:com.Ecommerce.TestCases.LoginPageTestCases@74e28667]" started-at="2024-05-31T11:23:08 IST" name="closebrowser" finished-at="2024-05-31T11:23:08 IST" duration-ms="173" status="PASS">
          <reporter-output>
          </reporter-output>
        </test-method> <!-- closebrowser -->
      </class> <!-- com.Ecommerce.TestCases.LoginPageTestCases -->
    </test> <!-- Test -->
  </suite> <!-- Suite -->
</testng-results>
