<?xml version="1.0" encoding="UTF-8"?>
<!-- Generated by org.testng.reporters.JUnitXMLReporter -->
<testsuite ignored="4" hostname="JKGUPTA" failures="2" tests="12" name="Test" time="83.206" errors="0" timestamp="2024-05-31T11:23:08 IST">
  <testcase classname="com.Ecommerce.TestCases.PaymentPageTest" name="paymentPageTest" time="4.565"/>
  <testcase classname="com.Ecommerce.TestCases.ConfirmationPageTest" name="orderPageTest" time="4.374"/>
  <testcase classname="com.Ecommerce.TestCases.CardPageTest" name="cardPageTest" time="3.977"/>
  <testcase classname="com.Ecommerce.TestCases.HomePageTestCase" name="addZaraCoatInCart" time="3.17"/>
  <testcase classname="com.Ecommerce.TestCases.HomePageTestCase" name="verifyAddidasShoePresent" time="1.954">
    <failure type="java.lang.AssertionError" message="expected [false] but found [true]">
      <![CDATA[java.lang.AssertionError: expected [false] but found [true]
at com.Ecommerce.TestCases.HomePageTestCase.verifyAddidasShoePresent(HomePageTestCase.java:62)
at java.base/java.util.ArrayList.forEach(ArrayList.java:1511)
... Removed 31 stack frames]]>
    </failure>
  </testcase> <!-- verifyAddidasShoePresent -->
  <testcase classname="com.Ecommerce.TestCases.HomePageTestCase" name="verifyIphonePresent" time="0.932"/>
  <testcase classname="com.Ecommerce.TestCases.HomePageTestCase" name="verifyZaraCoatPresent" time="0.458">
    <failure type="org.openqa.selenium.JavascriptException" message="javascript error: {&amp;quot;status&amp;quot;:32,&amp;quot;value&amp;quot;:&amp;quot;An invalid or illegal selector was specified&amp;quot;}
  (Session info: chrome=125.0.6422.113)
Build info: version: &amp;apos;4.21.0&amp;apos;, revision: &amp;apos;79ed462ef4&amp;apos;
System info: os.name: &amp;apos;Windows 11&amp;apos;, os.arch: &amp;apos;amd64&amp;apos;, os.version: &amp;apos;10.0&amp;apos;, java.version: &amp;apos;17.0.8&amp;apos;
Driver info: org.openqa.selenium.chrome.ChromeDriver
Command: [c76696cc3dcd2e11b37f85a6c319443f, findElement {value=(//div[@class=&amp;apos;card&amp;apos;])[1]/img, using=css selector}]
Capabilities {acceptInsecureCerts: false, browserName: chrome, browserVersion: 125.0.6422.113, chrome: {chromedriverVersion: 125.0.6422.141 (4b1e8393712..., userDataDir: C:\Users\JKGUPT~1\AppData\L...}, fedcm:accounts: true, goog:chromeOptions: {debuggerAddress: localhost:53620}, networkConnectionEnabled: false, pageLoadStrategy: normal, platformName: windows, proxy: Proxy(), se:cdp: ws://localhost:53620/devtoo..., se:cdpVersion: 125.0.6422.113, setWindowRect: true, strictFileInteractability: false, timeouts: {implicit: 0, pageLoad: 300000, script: 30000}, unhandledPromptBehavior: dismiss and notify, webauthn:extension:credBlob: true, webauthn:extension:largeBlob: true, webauthn:extension:minPinLength: true, webauthn:extension:prf: true, webauthn:virtualAuthenticators: true}
Session ID: c76696cc3dcd2e11b37f85a6c319443f">
      <![CDATA[org.openqa.selenium.JavascriptException: javascript error: {"status":32,"value":"An invalid or illegal selector was specified"}
  (Session info: chrome=125.0.6422.113)
Build info: version: '4.21.0', revision: '79ed462ef4'
System info: os.name: 'Windows 11', os.arch: 'amd64', os.version: '10.0', java.version: '17.0.8'
Driver info: org.openqa.selenium.chrome.ChromeDriver
Command: [c76696cc3dcd2e11b37f85a6c319443f, findElement {value=(//div[@class='card'])[1]/img, using=css selector}]
Capabilities {acceptInsecureCerts: false, browserName: chrome, browserVersion: 125.0.6422.113, chrome: {chromedriverVersion: 125.0.6422.141 (4b1e8393712..., userDataDir: C:\Users\JKGUPT~1\AppData\L...}, fedcm:accounts: true, goog:chromeOptions: {debuggerAddress: localhost:53620}, networkConnectionEnabled: false, pageLoadStrategy: normal, platformName: windows, proxy: Proxy(), se:cdp: ws://localhost:53620/devtoo..., se:cdpVersion: 125.0.6422.113, setWindowRect: true, strictFileInteractability: false, timeouts: {implicit: 0, pageLoad: 300000, script: 30000}, unhandledPromptBehavior: dismiss and notify, webauthn:extension:credBlob: true, webauthn:extension:largeBlob: true, webauthn:extension:minPinLength: true, webauthn:extension:prf: true, webauthn:virtualAuthenticators: true}
Session ID: c76696cc3dcd2e11b37f85a6c319443f
at org.openqa.selenium.remote.ErrorCodec.decode(ErrorCodec.java:167)
at org.openqa.selenium.remote.codec.w3c.W3CHttpResponseCodec.decode(W3CHttpResponseCodec.java:138)
at org.openqa.selenium.remote.codec.w3c.W3CHttpResponseCodec.decode(W3CHttpResponseCodec.java:50)
at org.openqa.selenium.remote.HttpCommandExecutor.execute(HttpCommandExecutor.java:190)
at org.openqa.selenium.remote.service.DriverCommandExecutor.invokeExecute(DriverCommandExecutor.java:216)
at org.openqa.selenium.remote.service.DriverCommandExecutor.execute(DriverCommandExecutor.java:174)
at org.openqa.selenium.remote.RemoteWebDriver.execute(RemoteWebDriver.java:518)
at org.openqa.selenium.remote.ElementLocation$ElementFinder$2.findElement(ElementLocation.java:165)
at org.openqa.selenium.remote.ElementLocation.findElement(ElementLocation.java:59)
at org.openqa.selenium.remote.RemoteWebDriver.findElement(RemoteWebDriver.java:355)
at org.openqa.selenium.remote.RemoteWebDriver.findElement(RemoteWebDriver.java:349)
at org.openqa.selenium.support.pagefactory.DefaultElementLocator.findElement(DefaultElementLocator.java:68)
at org.openqa.selenium.support.pagefactory.internal.LocatingElementHandler.invoke(LocatingElementHandler.java:38)
at jdk.proxy2/jdk.proxy2.$Proxy13.isDisplayed(Unknown Source)
at com.Ecommerce.actionDriver.ActionClass.isDisplayed(ActionClass.java:46)
at com.Ecommerce.PageObject.HomePage.validateZaraCoatpresent(HomePage.java:69)
at com.Ecommerce.TestCases.HomePageTestCase.verifyZaraCoatPresent(HomePageTestCase.java:36)
at java.base/java.util.ArrayList.forEach(ArrayList.java:1511)
... Removed 32 stack frames]]>
    </failure>
  </testcase> <!-- verifyZaraCoatPresent -->
  <testcase classname="com.Ecommerce.TestCases.LoginPageTestCases" name="verifyLoginTest" time="2.46"/>
  <testcase classname="com.Ecommerce.TestCases.LoginPageTestCases" name="verifyLoginTest" time="2.465"/>
  <testcase classname="com.Ecommerce.TestCases.LoginPageTestCases" name="verifyLoginTest" time="2.438"/>
  <testcase classname="com.Ecommerce.TestCases.LoginPageTestCases" name="verifyLoginTest" time="2.477"/>
  <testcase classname="com.Ecommerce.TestCases.LoginPageTestCases" name="verifyLoginTest" time="2.443"/>
  <testcase classname="com.Ecommerce.BaseClass.BaseClass" name="@BeforeTest loadconfig" time="0.0">
    <ignored/>
  </testcase> <!-- @BeforeTest loadconfig -->
  <testcase classname="com.Ecommerce.BaseClass.BaseClass" name="@BeforeTest loadconfig" time="0.0">
    <ignored/>
  </testcase> <!-- @BeforeTest loadconfig -->
  <testcase classname="com.Ecommerce.BaseClass.BaseClass" name="@BeforeTest loadconfig" time="0.0">
    <ignored/>
  </testcase> <!-- @BeforeTest loadconfig -->
  <testcase classname="com.Ecommerce.BaseClass.BaseClass" name="@BeforeTest loadconfig" time="0.0">
    <ignored/>
  </testcase> <!-- @BeforeTest loadconfig -->
</testsuite> <!-- Test -->
