<?xml version="1.0" encoding="UTF-8"?>
<!-- Generated by org.testng.reporters.JUnitXMLReporter -->
<testsuite ignored="0" hostname="JKGUPTA" failures="1" tests="3" name="Error Validation Test" time="36.677" errors="0" timestamp="2024-06-11T18:43:17 IST">
  <testcase classname="standAlone_Test.ErrorValidationTest" name="loginErrorValidation" time="1.263">
    <skipped/>
  </testcase> <!-- loginErrorValidation -->
  <testcase classname="standAlone_Test.ErrorValidationTest" name="loginErrorValidation" time="0.89">
    <failure type="java.lang.AssertionError" message="expected [Incorrect email or password.] but found [Incorrect email or password]">
      <![CDATA[java.lang.AssertionError: expected [Incorrect email or password.] but found [Incorrect email or password]
at standAlone_Test.ErrorValidationTest.loginErrorValidation(ErrorValidationTest.java:21)
at java.base/java.util.ArrayList.forEach(ArrayList.java:1511)
at java.base/java.util.concurrent.FutureTask.run(FutureTask.java:264)
at java.base/java.util.concurrent.ThreadPoolExecutor.runWorker(ThreadPoolExecutor.java:1136)
at java.base/java.util.concurrent.ThreadPoolExecutor$Worker.run(ThreadPoolExecutor.java:635)
at java.base/java.lang.Thread.run(Thread.java:833)
... Removed 23 stack frames]]>
    </failure>
  </testcase> <!-- loginErrorValidation -->
  <testcase classname="standAlone_Test.ErrorValidationTest" name="productOrderErrorValidation" time="5.356"/>
</testsuite> <!-- Error Validation Test -->
